c:\github\vnpy\vnpy\api\ctp\vnctp\vnctpmd\x64\release\vnctpmd.pch
c:\github\vnpy\vnpy\api\ctp\vnctp\vnctpmd\x64\release\vc141.pdb
c:\github\vnpy\vnpy\api\ctp\vnctp\vnctpmd\x64\release\stdafx.obj
c:\github\vnpy\vnpy\api\ctp\vnctp\vnctpmd\x64\release\vnctpmd.obj
c:\github\vnpy\vnpy\api\ctp\vnctp\vnctpmd\x64\release\dllmain.obj
c:\github\vnpy\vnpy\api\ctp\vnctpmd.pyd
c:\github\vnpy\vnpy\api\ctp\vnctpmd.pdb
c:\github\vnpy\vnpy\api\ctp\vnctpmd.lib
c:\github\vnpy\vnpy\api\ctp\vnctpmd.exp
c:\github\vnpy\vnpy\api\ctp\vnctpmd.ipdb
c:\github\vnpy\vnpy\api\ctp\vnctpmd.iobj
c:\github\vnpy\vnpy\api\ctp\vnctp\..\vnctpmd.pdb
c:\github\vnpy\vnpy\api\ctp\vnctp\..\vnctpmd.pyd
c:\github\vnpy\vnpy\api\ctp\vnctp\vnctpmd\x64\release\vnctpmd.tlog\cl.command.1.tlog
c:\github\vnpy\vnpy\api\ctp\vnctp\vnctpmd\x64\release\vnctpmd.tlog\cl.read.1.tlog
c:\github\vnpy\vnpy\api\ctp\vnctp\vnctpmd\x64\release\vnctpmd.tlog\cl.write.1.tlog
c:\github\vnpy\vnpy\api\ctp\vnctp\vnctpmd\x64\release\vnctpmd.tlog\link.command.1.tlog
c:\github\vnpy\vnpy\api\ctp\vnctp\vnctpmd\x64\release\vnctpmd.tlog\link.read.1.tlog
c:\github\vnpy\vnpy\api\ctp\vnctp\vnctpmd\x64\release\vnctpmd.tlog\link.write.1.tlog
c:\github\vnpy\vnpy\api\ctp\vnctp\vnctpmd\x64\release\vnctpmd.tlog\vnctpmd.write.1u.tlog
