c:\github\vnpy\vnpy\api\ctp\vnctp\vnctptd\x64\release\vnctptd.pch
c:\github\vnpy\vnpy\api\ctp\vnctp\vnctptd\x64\release\vc141.pdb
c:\github\vnpy\vnpy\api\ctp\vnctp\vnctptd\x64\release\stdafx.obj
c:\github\vnpy\vnpy\api\ctp\vnctp\vnctptd\x64\release\vnctptd.obj
c:\github\vnpy\vnpy\api\ctp\vnctp\vnctptd\x64\release\dllmain.obj
c:\github\vnpy\vnpy\api\ctp\vnctptd.pyd
c:\github\vnpy\vnpy\api\ctp\vnctptd.pdb
c:\github\vnpy\vnpy\api\ctp\vnctptd.lib
c:\github\vnpy\vnpy\api\ctp\vnctptd.exp
c:\github\vnpy\vnpy\api\ctp\vnctptd.ipdb
c:\github\vnpy\vnpy\api\ctp\vnctptd.iobj
c:\github\vnpy\vnpy\api\ctp\vnctp\..\vnctptd.pdb
c:\github\vnpy\vnpy\api\ctp\vnctp\..\vnctptd.pyd
c:\github\vnpy\vnpy\api\ctp\vnctp\vnctptd\x64\release\vnctptd.tlog\cl.command.1.tlog
c:\github\vnpy\vnpy\api\ctp\vnctp\vnctptd\x64\release\vnctptd.tlog\cl.read.1.tlog
c:\github\vnpy\vnpy\api\ctp\vnctp\vnctptd\x64\release\vnctptd.tlog\cl.write.1.tlog
c:\github\vnpy\vnpy\api\ctp\vnctp\vnctptd\x64\release\vnctptd.tlog\link.command.1.tlog
c:\github\vnpy\vnpy\api\ctp\vnctp\vnctptd\x64\release\vnctptd.tlog\link.read.1.tlog
c:\github\vnpy\vnpy\api\ctp\vnctp\vnctptd\x64\release\vnctptd.tlog\link.write.1.tlog
c:\github\vnpy\vnpy\api\ctp\vnctp\vnctptd\x64\release\vnctptd.tlog\vnctptd.write.1u.tlog
